{
    "numFailedTestSuites": 0,
    "numFailedTests": 0,
    "numPassedTestSuites": 24,
    "numPassedTests": 253,
    "numPendingTestSuites": 0,
    "numPendingTests": 6,
    "numRuntimeErrorTestSuites": 0,
    "numTodoTests": 0,
    "numTotalTestSuites": 24,
    "numTotalTests": 259,
    "openHandles": [],
    "snapshot": {
        "added": 0,
        "didUpdate": false,
        "failure": false,
        "filesAdded": 0,
        "filesRemoved": 0,
        "filesRemovedList": [],
        "filesUnmatched": 0,
        "filesUpdated": 0,
        "matched": 0,
        "total": 0,
        "unchecked": 0,
        "uncheckedKeysByFile": [],
        "unmatched": 0,
        "updated": 0
    },
    "startTime": 1692971097320,
    "success": true,
    "testResults": [
        {
            "assertionResults": [
                {
                    "ancestorTitles": [
                        "Ссылки",
                        "Проверка ссылок",
                        "exact: false или undefined"
                    ],
                    "duration": 6,
                    "failureDetails": [],
                    "failureMessages": [],
                    "fullName": "Ссылки Проверка ссылок exact: false или undefined должен возвращать true для совпадающих относительных ссылок",
                    "invocations": 1,
                    "location": null,
                    "numPassingAsserts": 1,
                    "retryReasons": [],
                    "status": "passed",
                    "title": "должен возвращать true для совпадающих относительных ссылок"
                },
                {
                    "ancestorTitles": [
                        "Ссылки",
                        "Проверка ссылок",
                        "exact: false или undefined"
                    ],
                    "duration": 4,
                    "failureDetails": [],
                    "failureMessages": [],
                    "fullName": "Ссылки Проверка ссылок exact: false или undefined должен возвращать false для несовпадающих относительных ссылок",
                    "invocations": 1,
                    "location": null,
                    "numPassingAsserts": 1,
                    "retryReasons": [],
                    "status": "passed",
                    "title": "должен возвращать false для несовпадающих относительных ссылок"
                },
                {
                    "ancestorTitles": [
                        "Ссылки",
                        "Проверка ссылок",
                        "exact: false или undefined"
                    ],
                    "duration": 2,
                    "failureDetails": [],
                    "failureMessages": [],
                    "fullName": "Ссылки Проверка ссылок exact: false или undefined должен возвращать true для совпадающих абсолютных ссылок",
                    "invocations": 1,
                    "location": null,
                    "numPassingAsserts": 1,
                    "retryReasons": [],
                    "status": "passed",
                    "title": "должен возвращать true для совпадающих абсолютных ссылок"
                },
                {
                    "ancestorTitles": [
                        "Ссылки",
                        "Проверка ссылок",
                        "exact: false или undefined"
                    ],
                    "duration": 3,
                    "failureDetails": [],
                    "failureMessages": [],
                    "fullName": "Ссылки Проверка ссылок exact: false или undefined должен возвращать false для несовпадающих абсолютных ссылок",
                    "invocations": 1,
                    "location": null,
                    "numPassingAsserts": 1,
                    "retryReasons": [],
                    "status": "passed",
                    "title": "должен возвращать false для несовпадающих абсолютных ссылок"
                },
                {
                    "ancestorTitles": [
                        "Ссылки",
                        "Проверка ссылок",
                        "exact: false или undefined"
                    ],
                    "duration": 1,
                    "failureDetails": [],
                    "failureMessages": [],
                    "fullName": "Ссылки Проверка ссылок exact: false или undefined должен возвращать true для совпадающих ссылок разных форматов",
                    "invocations": 1,
                    "location": null,
                    "numPassingAsserts": 1,
                    "retryReasons": [],
                    "status": "passed",
                    "title": "должен возвращать true для совпадающих ссылок разных форматов"
                },
                {
                    "ancestorTitles": [
                        "Ссылки",
                        "Проверка ссылок",
                        "exact: false или undefined"
                    ],
                    "duration": 1,
                    "failureDetails": [],
                    "failureMessages": [],
                    "fullName": "Ссылки Проверка ссылок exact: false или undefined должен возвращать false для несовпадающих ссылок разных форматов",
                    "invocations": 1,
                    "location": null,
                    "numPassingAsserts": 1,
                    "retryReasons": [],
                    "status": "passed",
                    "title": "должен возвращать false для несовпадающих ссылок разных форматов"
                },
                {
                    "ancestorTitles": [
                        "Ссылки",
                        "Проверка ссылок",
                        "exact: false или undefined"
                    ],
                    "duration": 2,
                    "failureDetails": [],
                    "failureMessages": [],
                    "fullName": "Ссылки Проверка ссылок exact: false или undefined должен возвращать true, если location начинается с подстроки link",
                    "invocations": 1,
                    "location": null,
                    "numPassingAsserts": 1,
                    "retryReasons": [],
                    "status": "passed",
                    "title": "должен возвращать true, если location начинается с подстроки link"
                },
                {
                    "ancestorTitles": [
                        "Ссылки",
                        "Проверка ссылок",
                        "exact: false или undefined"
                    ],
                    "duration": 1,
                    "failureDetails": [],
                    "failureMessages": [],
                    "fullName": "Ссылки Проверка ссылок exact: false или undefined должен возвращать false, если подстрока link содержится не в начале location",
                    "invocations": 1,
                    "location": null,
                    "numPassingAsserts": 1,
                    "retryReasons": [],
                    "status": "passed",
                    "title": "должен возвращать false, если подстрока link содержится не в начале location"
                },
                {
                    "ancestorTitles": [
                        "Ссылки",
                        "Проверка ссылок",
                        "exact: false или undefined"
                    ],
                    "duration": 1,
                    "failureDetails": [],
                    "failureMessages": [],
                    "fullName": "Ссылки Проверка ссылок exact: false или undefined должен возвращать false, если подстрока link не содержится в location целиком",
                    "invocations": 1,
                    "location": null,
                    "numPassingAsserts": 1,
                    "retryReasons": [],
                    "status": "passed",
                    "title": "должен возвращать false, если подстрока link не содержится в location целиком"
                },
                {
                    "ancestorTitles": [
                        "Ссылки",
                        "Проверка ссылок",
                        "exact: false или undefined"
                    ],
                    "duration": 3,
                    "failureDetails": [],
                    "failureMessages": [],
                    "fullName": "Ссылки Проверка ссылок exact: false или undefined должен возвращать false для разных доменов",
                    "invocations": 1,
                    "location": null,
                    "numPassingAsserts": 2,
                    "retryReasons": [],
                    "status": "passed",
                    "title": "должен возвращать false для разных доменов"
                },
                {
                    "ancestorTitles": [
                        "Ссылки",
                        "Проверка ссылок",
                        "exact: false или undefined"
                    ],
                    "duration": 2,
                    "failureDetails": [],
                    "failureMessages": [],
                    "fullName": "Ссылки Проверка ссылок exact: false или undefined должен возвращать true для пустых location и link",
                    "invocations": 1,
                    "location": null,
                    "numPassingAsserts": 1,
                    "retryReasons": [],
                    "status": "passed",
                    "title": "должен возвращать true для пустых location и link"
                },
                {
                    "ancestorTitles": [
                        "Ссылки",
                        "Проверка ссылок",
                        "exact: false или undefined"
                    ],
                    "duration": 1,
                    "failureDetails": [],
                    "failureMessages": [],
                    "fullName": "Ссылки Проверка ссылок exact: false или undefined должен возвращать false для пустого link и не пустого location",
                    "invocations": 1,
                    "location": null,
                    "numPassingAsserts": 1,
                    "retryReasons": [],
                    "status": "passed",
                    "title": "должен возвращать false для пустого link и не пустого location"
                },
                {
                    "ancestorTitles": [
                        "Ссылки",
                        "Проверка ссылок",
                        "exact: false или undefined"
                    ],
                    "duration": 6,
                    "failureDetails": [],
                    "failureMessages": [],
                    "fullName": "Ссылки Проверка ссылок exact: false или undefined должен игнорировать отсутствие или наличие необязательных слешей",
                    "invocations": 1,
                    "location": null,
                    "numPassingAsserts": 5,
                    "retryReasons": [],
                    "status": "passed",
                    "title": "должен игнорировать отсутствие или наличие необязательных слешей"
                },
                {
                    "ancestorTitles": [
                        "Ссылки",
                        "Проверка ссылок",
                        "exact: true"
                    ],
                    "duration": 2,
                    "failureDetails": [],
                    "failureMessages": [],
                    "fullName": "Ссылки Проверка ссылок exact: true должен возвращать true для совпадающих относительных ссылок",
                    "invocations": 1,
                    "location": null,
                    "numPassingAsserts": 1,
                    "retryReasons": [],
                    "status": "passed",
                    "title": "должен возвращать true для совпадающих относительных ссылок"
                },
                {
                    "ancestorTitles": [
                        "Ссылки",
                        "Проверка ссылок",
                        "exact: true"
                    ],
                    "duration": 1,
                    "failureDetails": [],
                    "failureMessages": [],
                    "fullName": "Ссылки Проверка ссылок exact: true должен возвращать false для несовпадающих относительных ссылок",
                    "invocations": 1,
                    "location": null,
                    "numPassingAsserts": 1,
                    "retryReasons": [],
                    "status": "passed",
                    "title": "должен возвращать false для несовпадающих относительных ссылок"
                },
                {
                    "ancestorTitles": [
                        "Ссылки",
                        "Проверка ссылок",
                        "exact: true"
                    ],
                    "duration": 1,
                    "failureDetails": [],
                    "failureMessages": [],
                    "fullName": "Ссылки Проверка ссылок exact: true должен возвращать true для совпадающих абсолютных ссылок",
                    "invocations": 1,
                    "location": null,
                    "numPassingAsserts": 1,
                    "retryReasons": [],
                    "status": "passed",
                    "title": "должен возвращать true для совпадающих абсолютных ссылок"
                },
                {
                    "ancestorTitles": [
                        "Ссылки",
                        "Проверка ссылок",
                        "exact: true"
                    ],
                    "duration": 1,
                    "failureDetails": [],
                    "failureMessages": [],
                    "fullName": "Ссылки Проверка ссылок exact: true должен возвращать false для несовпадающих абсолютных ссылок",
                    "invocations": 1,
                    "location": null,
                    "numPassingAsserts": 1,
                    "retryReasons": [],
                    "status": "passed",
                    "title": "должен возвращать false для несовпадающих абсолютных ссылок"
                },
                {
                    "ancestorTitles": [
                        "Ссылки",
                        "Проверка ссылок",
                        "exact: true"
                    ],
                    "duration": 1,
                    "failureDetails": [],
                    "failureMessages": [],
                    "fullName": "Ссылки Проверка ссылок exact: true должен возвращать true для совпадающих ссылок разных форматов",
                    "invocations": 1,
                    "location": null,
                    "numPassingAsserts": 1,
                    "retryReasons": [],
                    "status": "passed",
                    "title": "должен возвращать true для совпадающих ссылок разных форматов"
                },
                {
                    "ancestorTitles": [
                        "Ссылки",
                        "Проверка ссылок",
                        "exact: true"
                    ],
                    "duration": 1,
                    "failureDetails": [],
                    "failureMessages": [],
                    "fullName": "Ссылки Проверка ссылок exact: true должен возвращать false для несовпадающих ссылок разных форматов",
                    "invocations": 1,
                    "location": null,
                    "numPassingAsserts": 1,
                    "retryReasons": [],
                    "status": "passed",
                    "title": "должен возвращать false для несовпадающих ссылок разных форматов"
                },
                {
                    "ancestorTitles": [
                        "Ссылки",
                        "Проверка ссылок",
                        "exact: true"
                    ],
                    "duration": 1,
                    "failureDetails": [],
                    "failureMessages": [],
                    "fullName": "Ссылки Проверка ссылок exact: true должен возвращать false, если location начинается с подстроки link",
                    "invocations": 1,
                    "location": null,
                    "numPassingAsserts": 1,
                    "retryReasons": [],
                    "status": "passed",
                    "title": "должен возвращать false, если location начинается с подстроки link"
                },
                {
                    "ancestorTitles": [
                        "Ссылки",
                        "Проверка ссылок",
                        "exact: true"
                    ],
                    "duration": 1,
                    "failureDetails": [],
                    "failureMessages": [],
                    "fullName": "Ссылки Проверка ссылок exact: true должен возвращать false, если подстрока link содержится не в начале location",
                    "invocations": 1,
                    "location": null,
                    "numPassingAsserts": 1,
                    "retryReasons": [],
                    "status": "passed",
                    "title": "должен возвращать false, если подстрока link содержится не в начале location"
                },
                {
                    "ancestorTitles": [
                        "Ссылки",
                        "Проверка ссылок",
                        "exact: true"
                    ],
                    "duration": 0,
                    "failureDetails": [],
                    "failureMessages": [],
                    "fullName": "Ссылки Проверка ссылок exact: true должен возвращать false, если подстрока link не содержится в location целиком",
                    "invocations": 1,
                    "location": null,
                    "numPassingAsserts": 1,
                    "retryReasons": [],
                    "status": "passed",
                    "title": "должен возвращать false, если подстрока link не содержится в location целиком"
                },
                {
                    "ancestorTitles": [
                        "Ссылки",
                        "Проверка ссылок",
                        "exact: true"
                    ],
                    "duration": 7,
                    "failureDetails": [],
                    "failureMessages": [],
                    "fullName": "Ссылки Проверка ссылок exact: true должен возвращать false для разных доменов",
                    "invocations": 1,
                    "location": null,
                    "numPassingAsserts": 2,
                    "retryReasons": [],
                    "status": "passed",
                    "title": "должен возвращать false для разных доменов"
                },
                {
                    "ancestorTitles": [
                        "Ссылки",
                        "Проверка ссылок",
                        "exact: true"
                    ],
                    "duration": 1,
                    "failureDetails": [],
                    "failureMessages": [],
                    "fullName": "Ссылки Проверка ссылок exact: true должен возвращать true для пустых location и link",
                    "invocations": 1,
                    "location": null,
                    "numPassingAsserts": 1,
                    "retryReasons": [],
                    "status": "passed",
                    "title": "должен возвращать true для пустых location и link"
                },
                {
                    "ancestorTitles": [
                        "Ссылки",
                        "Проверка ссылок",
                        "exact: true"
                    ],
                    "duration": 1,
                    "failureDetails": [],
                    "failureMessages": [],
                    "fullName": "Ссылки Проверка ссылок exact: true должен возвращать false для пустого link и не пустого location",
                    "invocations": 1,
                    "location": null,
                    "numPassingAsserts": 1,
                    "retryReasons": [],
                    "status": "passed",
                    "title": "должен возвращать false для пустого link и не пустого location"
                },
                {
                    "ancestorTitles": [
                        "Ссылки",
                        "Проверка ссылок",
                        "exact: true"
                    ],
                    "duration": 5,
                    "failureDetails": [],
                    "failureMessages": [],
                    "fullName": "Ссылки Проверка ссылок exact: true должен игнорировать отсутствие или наличие необязательных слешей",
                    "invocations": 1,
                    "location": null,
                    "numPassingAsserts": 5,
                    "retryReasons": [],
                    "status": "passed",
                    "title": "должен игнорировать отсутствие или наличие необязательных слешей"
                }
            ],
            "endTime": 1692971166323,
            "message": "",
            "name": "/Users/dima117a/arc/arcadia/passport/frontend/id/services/id/src/client/widgets/layout/navigation/libs/active-link/__tests__/is-link-active.test.ts",
            "startTime": 1692971103304,
            "status": "passed",
            "summary": ""
        },
        {
            "assertionResults": [
                {
                    "ancestorTitles": [
                        "Блок: Заполните профиль",
                        "Блок: Заполните профиль"
                    ],
                    "duration": 97,
                    "failureDetails": [],
                    "failureMessages": [],
                    "fullName": "Блок: Заполните профиль Блок: Заполните профиль Если заполнены, то блок не отображается",
                    "invocations": 1,
                    "location": null,
                    "numPassingAsserts": 1,
                    "retryReasons": [],
                    "status": "passed",
                    "title": "Если заполнены, то блок не отображается"
                },
                {
                    "ancestorTitles": [
                        "Блок: Заполните профиль",
                        "Блок: Заполните профиль"
                    ],
                    "duration": 428,
                    "failureDetails": [],
                    "failureMessages": [],
                    "fullName": "Блок: Заполните профиль Блок: Заполните профиль Отображается процент заполнения",
                    "invocations": 1,
                    "location": null,
                    "numPassingAsserts": 1,
                    "retryReasons": [],
                    "status": "passed",
                    "title": "Отображается процент заполнения"
                },
                {
                    "ancestorTitles": [
                        "Блок: Заполните профиль",
                        "Блок: Заполните профиль"
                    ],
                    "duration": 95,
                    "failureDetails": [],
                    "failureMessages": [],
                    "fullName": "Блок: Заполните профиль Блок: Заполните профиль Отображается корректный процент заполнения, если нет флага показа шотката адресов",
                    "invocations": 1,
                    "location": null,
                    "numPassingAsserts": 1,
                    "retryReasons": [],
                    "status": "passed",
                    "title": "Отображается корректный процент заполнения, если нет флага показа шотката адресов"
                },
                {
                    "ancestorTitles": [
                        "Блок: Заполните профиль",
                        "Блок: Заполните профиль"
                    ],
                    "duration": 235,
                    "failureDetails": [],
                    "failureMessages": [],
                    "fullName": "Блок: Заполните профиль Блок: Заполните профиль Если адрес заполнен, то он отображается с пометкой Заполнено",
                    "invocations": 1,
                    "location": null,
                    "numPassingAsserts": 2,
                    "retryReasons": [],
                    "status": "passed",
                    "title": "Если адрес заполнен, то он отображается с пометкой Заполнено"
                },
                {
                    "ancestorTitles": [
                        "Блок: Заполните профиль",
                        "Блок: Заполните профиль"
                    ],
                    "duration": 203,
                    "failureDetails": [],
                    "failureMessages": [],
                    "fullName": "Блок: Заполните профиль Блок: Заполните профиль Если адрес заполнен, но нет флага шотката, то он не должен отображаться",
                    "invocations": 1,
                    "location": null,
                    "numPassingAsserts": 1,
                    "retryReasons": [],
                    "status": "passed",
                    "title": "Если адрес заполнен, но нет флага шотката, то он не должен отображаться"
                },
                {
                    "ancestorTitles": [
                        "Блок: Заполните профиль",
                        "Блок: Заполните профиль"
                    ],
                    "duration": 364,
                    "failureDetails": [],
                    "failureMessages": [],
                    "fullName": "Блок: Заполните профиль Блок: Заполните профиль Если телефон заполнен, то он отображается с пометкой Заполнено",
                    "invocations": 1,
                    "location": null,
                    "numPassingAsserts": 2,
                    "retryReasons": [],
                    "status": "passed",
                    "title": "Если телефон заполнен, то он отображается с пометкой Заполнено"
                },
                {
                    "ancestorTitles": [
                        "Блок: Заполните профиль",
                        "Блок: Заполните профиль"
                    ],
                    "duration": 116,
                    "failureDetails": [],
                    "failureMessages": [],
                    "fullName": "Блок: Заполните профиль Блок: Заполните профиль Если дата рождения заполнена, то она отображается с пометкой Заполнено",
                    "invocations": 1,
                    "location": null,
                    "numPassingAsserts": 2,
                    "retryReasons": [],
                    "status": "passed",
                    "title": "Если дата рождения заполнена, то она отображается с пометкой Заполнено"
                },
                {
                    "ancestorTitles": [
                        "Блок: Заполните профиль",
                        "Блок: Заполните профиль"
                    ],
                    "duration": 91,
                    "failureDetails": [],
                    "failureMessages": [],
                    "fullName": "Блок: Заполните профиль Блок: Заполните профиль Если аватар заполнен, то блок Имя и фото отображается с пометкой Заполнено",
                    "invocations": 1,
                    "location": null,
                    "numPassingAsserts": 2,
                    "retryReasons": [],
                    "status": "passed",
                    "title": "Если аватар заполнен, то блок Имя и фото отображается с пометкой Заполнено"
                },
                {
                    "ancestorTitles": [
                        "Блок: Заполните профиль",
                        "Блок: Заполните профиль"
                    ],
                    "duration": 291,
                    "failureDetails": [],
                    "failureMessages": [],
                    "fullName": "Блок: Заполните профиль Блок: Заполните профиль Если хотя бы один блок не заполнен, то отображается блок Заполнить из соцсетей",
                    "invocations": 1,
                    "location": null,
                    "numPassingAsserts": 2,
                    "retryReasons": [],
                    "status": "passed",
                    "title": "Если хотя бы один блок не заполнен, то отображается блок Заполнить из соцсетей"
                },
                {
                    "ancestorTitles": [
                        "Блок: Заполните профиль",
                        "Блок: Заполните профиль"
                    ],
                    "duration": 261,
                    "failureDetails": [],
                    "failureMessages": [],
                    "fullName": "Блок: Заполните профиль Блок: Заполните профиль Если не заполнен телефон, то отображается ссылка на страницу привязки телефона",
                    "invocations": 1,
                    "location": null,
                    "numPassingAsserts": 2,
                    "retryReasons": [],
                    "status": "passed",
                    "title": "Если не заполнен телефон, то отображается ссылка на страницу привязки телефона"
                },
                {
                    "ancestorTitles": [
                        "Блок: Заполните профиль",
                        "Блок: Заполните профиль"
                    ],
                    "duration": 202,
                    "failureDetails": [],
                    "failureMessages": [],
                    "fullName": "Блок: Заполните профиль Блок: Заполните профиль Если не заполнен адрес, то отображается ссылка на страницу управления адресами",
                    "invocations": 1,
                    "location": null,
                    "numPassingAsserts": 2,
                    "retryReasons": [],
                    "status": "passed",
                    "title": "Если не заполнен адрес, то отображается ссылка на страницу управления адресами"
                },
                {
                    "ancestorTitles": [
                        "Блок: Заполните профиль",
                        "Блок: Заполните профиль"
                    ],
                    "duration": 95,
                    "failureDetails": [],
                    "failureMessages": [],
                    "fullName": "Блок: Заполните профиль Блок: Заполните профиль Если не заполнен адрес, и нет флага шотката, то шоткат не отображается",
                    "invocations": 1,
                    "location": null,
                    "numPassingAsserts": 1,
                    "retryReasons": [],
                    "status": "passed",
                    "title": "Если не заполнен адрес, и нет флага шотката, то шоткат не отображается"
                },
                {
                    "ancestorTitles": [
                        "Блок: Заполните профиль",
                        "Блок: Заполните профиль"
                    ],
                    "duration": 126,
                    "failureDetails": [],
                    "failureMessages": [],
                    "fullName": "Блок: Заполните профиль Блок: Заполните профиль Если не заполнен аватар, то отображается кнопка, открывающая форму редактирования профиля",
                    "invocations": 1,
                    "location": null,
                    "numPassingAsserts": 2,
                    "retryReasons": [],
                    "status": "passed",
                    "title": "Если не заполнен аватар, то отображается кнопка, открывающая форму редактирования профиля"
                },
                {
                    "ancestorTitles": [
                        "Блок: Заполните профиль",
                        "Блок: Заполните профиль"
                    ],
                    "duration": 155,
                    "failureDetails": [],
                    "failureMessages": [],
                    "fullName": "Блок: Заполните профиль Блок: Заполните профиль Если не заполнена дата рождения, то отображается кнопка, открывающая форму редактирования профиля",
                    "invocations": 1,
                    "location": null,
                    "numPassingAsserts": 2,
                    "retryReasons": [],
                    "status": "passed",
                    "title": "Если не заполнена дата рождения, то отображается кнопка, открывающая форму редактирования профиля"
                }
            ],
            "endTime": 1692971171618,
            "message": "",
            "name": "/Users/dima117a/arc/arcadia/passport/frontend/id/services/id/src/client/widgets/ProfileFill/__tests__/ProfileFill.test.tsx",
            "startTime": 1692971103292,
            "status": "passed",
            "summary": ""
        },
        {
            "assertionResults": [
                {
                    "ancestorTitles": [
                        "Шорткаты в финансах",
                        "Проверки шорткатов"
                    ],
                    "duration": 327,
                    "failureDetails": [],
                    "failureMessages": [],
                    "fullName": "Шорткаты в финансах Проверки шорткатов Проверяем рендер загрузки виджета",
                    "invocations": 1,
                    "location": null,
                    "numPassingAsserts": 1,
                    "retryReasons": [],
                    "status": "passed",
                    "title": "Проверяем рендер загрузки виджета"
                },
                {
                    "ancestorTitles": [
                        "Шорткаты в финансах",
                        "Проверки шорткатов"
                    ],
                    "duration": 259,
                    "failureDetails": [],
                    "failureMessages": [],
                    "fullName": "Шорткаты в финансах Проверки шорткатов Проверяем наличие шортката Pay",
                    "invocations": 1,
                    "location": null,
                    "numPassingAsserts": 1,
                    "retryReasons": [],
                    "status": "passed",
                    "title": "Проверяем наличие шортката Pay"
                },
                {
                    "ancestorTitles": [
                        "Шорткаты в финансах",
                        "Проверки шорткатов"
                    ],
                    "duration": 275,
                    "failureDetails": [],
                    "failureMessages": [],
                    "fullName": "Шорткаты в финансах Проверки шорткатов Проверяем правильность ссылки в шорткате Pay",
                    "invocations": 1,
                    "location": null,
                    "numPassingAsserts": 2,
                    "retryReasons": [],
                    "status": "passed",
                    "title": "Проверяем правильность ссылки в шорткате Pay"
                },
                {
                    "ancestorTitles": [
                        "Шорткаты в финансах",
                        "Проверки шорткатов"
                    ],
                    "duration": 251,
                    "failureDetails": [],
                    "failureMessages": [],
                    "fullName": "Шорткаты в финансах Проверки шорткатов Проверям атрибуты логгирования шортката Pay",
                    "invocations": 1,
                    "location": null,
                    "numPassingAsserts": 1,
                    "retryReasons": [],
                    "status": "passed",
                    "title": "Проверям атрибуты логгирования шортката Pay"
                },
                {
                    "ancestorTitles": [
                        "Шорткаты в финансах",
                        "Проверки шорткатов"
                    ],
                    "duration": 152,
                    "failureDetails": [],
                    "failureMessages": [],
                    "fullName": "Шорткаты в финансах Проверки шорткатов Проверяем наличие шортката Семьи (adminPromo)",
                    "invocations": 1,
                    "location": null,
                    "numPassingAsserts": 1,
                    "retryReasons": [],
                    "status": "passed",
                    "title": "Проверяем наличие шортката Семьи (adminPromo)"
                },
                {
                    "ancestorTitles": [
                        "Шорткаты в финансах",
                        "Проверки шорткатов"
                    ],
                    "duration": 282,
                    "failureDetails": [],
                    "failureMessages": [],
                    "fullName": "Шорткаты в финансах Проверки шорткатов Проверяем ссылку в шорткате Семьи (adminPromo)",
                    "invocations": 1,
                    "location": null,
                    "numPassingAsserts": 1,
                    "retryReasons": [],
                    "status": "passed",
                    "title": "Проверяем ссылку в шорткате Семьи (adminPromo)"
                },
                {
                    "ancestorTitles": [
                        "Шорткаты в финансах",
                        "Проверки шорткатов"
                    ],
                    "duration": 156,
                    "failureDetails": [],
                    "failureMessages": [],
                    "fullName": "Шорткаты в финансах Проверки шорткатов Проверяем атрибут для логгирования шортката Семьи (adminPromo)",
                    "invocations": 1,
                    "location": null,
                    "numPassingAsserts": 1,
                    "retryReasons": [],
                    "status": "passed",
                    "title": "Проверяем атрибут для логгирования шортката Семьи (adminPromo)"
                },
                {
                    "ancestorTitles": [
                        "Шорткаты в финансах",
                        "Проверки шорткатов"
                    ],
                    "duration": 293,
                    "failureDetails": [],
                    "failureMessages": [],
                    "fullName": "Шорткаты в финансах Проверки шорткатов Проверяем наличие шортката Семьи (memberPromo)",
                    "invocations": 1,
                    "location": null,
                    "numPassingAsserts": 1,
                    "retryReasons": [],
                    "status": "passed",
                    "title": "Проверяем наличие шортката Семьи (memberPromo)"
                },
                {
                    "ancestorTitles": [
                        "Шорткаты в финансах",
                        "Проверки шорткатов"
                    ],
                    "duration": 154,
                    "failureDetails": [],
                    "failureMessages": [],
                    "fullName": "Шорткаты в финансах Проверки шорткатов Проверяем ссылку в шорткате Семьи (memberPromo)",
                    "invocations": 1,
                    "location": null,
                    "numPassingAsserts": 2,
                    "retryReasons": [],
                    "status": "passed",
                    "title": "Проверяем ссылку в шорткате Семьи (memberPromo)"
                },
                {
                    "ancestorTitles": [
                        "Шорткаты в финансах",
                        "Проверки шорткатов"
                    ],
                    "duration": 149,
                    "failureDetails": [],
                    "failureMessages": [],
                    "fullName": "Шорткаты в финансах Проверки шорткатов Проверяем атрибут логгирования в шорткате Семьи (memberPromo)",
                    "invocations": 1,
                    "location": null,
                    "numPassingAsserts": 1,
                    "retryReasons": [],
                    "status": "passed",
                    "title": "Проверяем атрибут логгирования в шорткате Семьи (memberPromo)"
                },
                {
                    "ancestorTitles": [
                        "Шорткаты в финансах",
                        "Проверки шорткатов"
                    ],
                    "duration": 123,
                    "failureDetails": [],
                    "failureMessages": [],
                    "fullName": "Шорткаты в финансах Проверки шорткатов Проверяем наличие шортката Семьи (adminPay)",
                    "invocations": 1,
                    "location": null,
                    "numPassingAsserts": 1,
                    "retryReasons": [],
                    "status": "passed",
                    "title": "Проверяем наличие шортката Семьи (adminPay)"
                },
                {
                    "ancestorTitles": [
                        "Шорткаты в финансах",
                        "Проверки шорткатов"
                    ],
                    "duration": 218,
                    "failureDetails": [],
                    "failureMessages": [],
                    "fullName": "Шорткаты в финансах Проверки шорткатов Проверяем аттриут логгирования в шорткате Семьи (adminPay)",
                    "invocations": 1,
                    "location": null,
                    "numPassingAsserts": 1,
                    "retryReasons": [],
                    "status": "passed",
                    "title": "Проверяем аттриут логгирования в шорткате Семьи (adminPay)"
                },
                {
                    "ancestorTitles": [
                        "Шорткаты в финансах",
                        "Проверки шорткатов"
                    ],
                    "duration": 61,
                    "failureDetails": [],
                    "failureMessages": [],
                    "fullName": "Шорткаты в финансах Проверки шорткатов Проверяем наличие шорткате Семьи (memberPay)",
                    "invocations": 1,
                    "location": null,
                    "numPassingAsserts": 1,
                    "retryReasons": [],
                    "status": "passed",
                    "title": "Проверяем наличие шорткате Семьи (memberPay)"
                },
                {
                    "ancestorTitles": [
                        "Шорткаты в финансах",
                        "Проверки шорткатов"
                    ],
                    "duration": 187,
                    "failureDetails": [],
                    "failureMessages": [],
                    "fullName": "Шорткаты в финансах Проверки шорткатов Проверяем ссылку в шорткате Семьи (memberPay)",
                    "invocations": 1,
                    "location": null,
                    "numPassingAsserts": 2,
                    "retryReasons": [],
                    "status": "passed",
                    "title": "Проверяем ссылку в шорткате Семьи (memberPay)"
                },
                {
                    "ancestorTitles": [
                        "Шорткаты в финансах",
                        "Проверки шорткатов"
                    ],
                    "duration": 130,
                    "failureDetails": [],
                    "failureMessages": [],
                    "fullName": "Шорткаты в финансах Проверки шорткатов Проверяем атрибут логгирования в шорткате Семьи (memberPay)",
                    "invocations": 1,
                    "location": null,
                    "numPassingAsserts": 1,
                    "retryReasons": [],
                    "status": "passed",
                    "title": "Проверяем атрибут логгирования в шорткате Семьи (memberPay)"
                },
                {
                    "ancestorTitles": [
                        "Шорткаты в финансах",
                        "Проверки шорткатов"
                    ],
                    "duration": 102,
                    "failureDetails": [],
                    "failureMessages": [],
                    "fullName": "Шорткаты в финансах Проверки шорткатов Проверяем наличие шортката новых штрафов",
                    "invocations": 1,
                    "location": null,
                    "numPassingAsserts": 1,
                    "retryReasons": [],
                    "status": "passed",
                    "title": "Проверяем наличие шортката новых штрафов"
                },
                {
                    "ancestorTitles": [
                        "Шорткаты в финансах",
                        "Проверки шорткатов"
                    ],
                    "duration": null,
                    "failureDetails": [],
                    "failureMessages": [],
                    "fullName": "Шорткаты в финансах Проверки шорткатов Проверяем наличие шортката Штрафов (документ есть)",
                    "invocations": 1,
                    "location": null,
                    "numPassingAsserts": 0,
                    "retryReasons": [],
                    "status": "pending",
                    "title": "Проверяем наличие шортката Штрафов (документ есть)"
                },
                {
                    "ancestorTitles": [
                        "Шорткаты в финансах",
                        "Проверки шорткатов"
                    ],
                    "duration": null,
                    "failureDetails": [],
                    "failureMessages": [],
                    "fullName": "Шорткаты в финансах Проверки шорткатов Проверяем атрибут логгирования шортката Штрафов (документа нет)",
                    "invocations": 1,
                    "location": null,
                    "numPassingAsserts": 0,
                    "retryReasons": [],
                    "status": "pending",
                    "title": "Проверяем атрибут логгирования шортката Штрафов (документа нет)"
                }
            ],
            "endTime": 1692971172251,
            "message": "",
            "name": "/Users/dima117a/arc/arcadia/passport/frontend/id/services/id/src/client/widgets/FinanceShortcuts/__tests__/FinanceShortcuts.test.tsx",
            "startTime": 1692971103305,
            "status": "focused",
            "summary": ""
        },
        {
            "assertionResults": [
                {
                    "ancestorTitles": [
                        "История платежей",
                        "Проверка истории патежей"
                    ],
                    "duration": 263,
                    "failureDetails": [],
                    "failureMessages": [],
                    "fullName": "История платежей Проверка истории патежей Проверка наличия якоря на разделе",
                    "invocations": 1,
                    "location": null,
                    "numPassingAsserts": 1,
                    "retryReasons": [],
                    "status": "passed",
                    "title": "Проверка наличия якоря на разделе"
                },
                {
                    "ancestorTitles": [
                        "История платежей",
                        "Проверка истории патежей"
                    ],
                    "duration": 312,
                    "failureDetails": [],
                    "failureMessages": [],
                    "fullName": "История платежей Проверка истории патежей Проверка ссылки якоря раздела",
                    "invocations": 1,
                    "location": null,
                    "numPassingAsserts": 1,
                    "retryReasons": [],
                    "status": "passed",
                    "title": "Проверка ссылки якоря раздела"
                },
                {
                    "ancestorTitles": [
                        "История платежей",
                        "Проверка истории патежей"
                    ],
                    "duration": 458,
                    "failureDetails": [],
                    "failureMessages": [],
                    "fullName": "История платежей Проверка истории патежей Пустая история платежей – проверка рендера залушки списка",
                    "invocations": 1,
                    "location": null,
                    "numPassingAsserts": 1,
                    "retryReasons": [],
                    "status": "passed",
                    "title": "Пустая история платежей – проверка рендера залушки списка"
                },
                {
                    "ancestorTitles": [
                        "История платежей",
                        "Проверка истории патежей"
                    ],
                    "duration": 77,
                    "failureDetails": [],
                    "failureMessages": [],
                    "fullName": "История платежей Проверка истории патежей Пустая история платежей – не должно быть кнопки Все платежи",
                    "invocations": 1,
                    "location": null,
                    "numPassingAsserts": 1,
                    "retryReasons": [],
                    "status": "passed",
                    "title": "Пустая история платежей – не должно быть кнопки Все платежи"
                },
                {
                    "ancestorTitles": [
                        "История платежей",
                        "Проверка истории патежей"
                    ],
                    "duration": 163,
                    "failureDetails": [],
                    "failureMessages": [],
                    "fullName": "История платежей Проверка истории патежей Пустая история платежей – должна быть кнопка Мои чеки",
                    "invocations": 1,
                    "location": null,
                    "numPassingAsserts": 1,
                    "retryReasons": [],
                    "status": "passed",
                    "title": "Пустая история платежей – должна быть кнопка Мои чеки"
                },
                {
                    "ancestorTitles": [
                        "История платежей",
                        "Проверка истории патежей"
                    ],
                    "duration": 130,
                    "failureDetails": [],
                    "failureMessages": [],
                    "fullName": "История платежей Проверка истории патежей Пустая история платежей – ссылка на Мои чеки правильная",
                    "invocations": 1,
                    "location": null,
                    "numPassingAsserts": 2,
                    "retryReasons": [],
                    "status": "passed",
                    "title": "Пустая история платежей – ссылка на Мои чеки правильная"
                },
                {
                    "ancestorTitles": [
                        "История платежей",
                        "Проверка истории патежей"
                    ],
                    "duration": 439,
                    "failureDetails": [],
                    "failureMessages": [],
                    "fullName": "История платежей Проверка истории патежей История платежей с данными – проверка на список с 3 платежами",
                    "invocations": 1,
                    "location": null,
                    "numPassingAsserts": 2,
                    "retryReasons": [],
                    "status": "passed",
                    "title": "История платежей с данными – проверка на список с 3 платежами"
                },
                {
                    "ancestorTitles": [
                        "История платежей",
                        "Проверка истории патежей"
                    ],
                    "duration": 261,
                    "failureDetails": [],
                    "failureMessages": [],
                    "fullName": "История платежей Проверка истории патежей История платежей с данными – должна быть кнопка Все платежи",
                    "invocations": 1,
                    "location": null,
                    "numPassingAsserts": 1,
                    "retryReasons": [],
                    "status": "passed",
                    "title": "История платежей с данными – должна быть кнопка Все платежи"
                },
                {
                    "ancestorTitles": [
                        "История платежей",
                        "Проверка истории патежей"
                    ],
                    "duration": 128,
                    "failureDetails": [],
                    "failureMessages": [],
                    "fullName": "История платежей Проверка истории патежей История платежей с данными – ссылка на Все платежи должна быть правильной",
                    "invocations": 1,
                    "location": null,
                    "numPassingAsserts": 2,
                    "retryReasons": [],
                    "status": "passed",
                    "title": "История платежей с данными – ссылка на Все платежи должна быть правильной"
                },
                {
                    "ancestorTitles": [
                        "История платежей",
                        "Проверка истории патежей"
                    ],
                    "duration": 78,
                    "failureDetails": [],
                    "failureMessages": [],
                    "fullName": "История платежей Проверка истории патежей История платежей с данными – должна быть кнопка Мои чеки",
                    "invocations": 1,
                    "location": null,
                    "numPassingAsserts": 1,
                    "retryReasons": [],
                    "status": "passed",
                    "title": "История платежей с данными – должна быть кнопка Мои чеки"
                },
                {
                    "ancestorTitles": [
                        "История платежей",
                        "Проверка истории патежей"
                    ],
                    "duration": 132,
                    "failureDetails": [],
                    "failureMessages": [],
                    "fullName": "История платежей Проверка истории патежей История платежей с данными – ссылка на Мои чеки должна быть правильной",
                    "invocations": 1,
                    "location": null,
                    "numPassingAsserts": 2,
                    "retryReasons": [],
                    "status": "passed",
                    "title": "История платежей с данными – ссылка на Мои чеки должна быть правильной"
                }
            ],
            "endTime": 1692971176672,
            "message": "",
            "name": "/Users/dima117a/arc/arcadia/passport/frontend/id/services/id/src/client/widgets/PaymentsHistory/__tests__/PaymentsHistory.test.tsx",
            "startTime": 1692971103292,
            "status": "passed",
            "summary": ""
        },
        {
            "assertionResults": [
                {
                    "ancestorTitles": [
                        "Гараж",
                        "Диалог с данными об автомобиле"
                    ],
                    "duration": 1081,
                    "failureDetails": [],
                    "failureMessages": [],
                    "fullName": "Гараж Диалог с данными об автомобиле экран содержит карточку с информацией о машине — логотип, название, номер",
                    "invocations": 1,
                    "location": null,
                    "numPassingAsserts": 3,
                    "retryReasons": [],
                    "status": "passed",
                    "title": "экран содержит карточку с информацией о машине — логотип, название, номер"
                },
                {
                    "ancestorTitles": [
                        "Гараж",
                        "Диалог с данными об автомобиле"
                    ],
                    "duration": 1470,
                    "failureDetails": [],
                    "failureMessages": [],
                    "fullName": "Гараж Диалог с данными об автомобиле при нажатии на карточку автомобиля открывается диалог редактирования данных автомобиля",
                    "invocations": 1,
                    "location": null,
                    "numPassingAsserts": 1,
                    "retryReasons": [],
                    "status": "passed",
                    "title": "при нажатии на карточку автомобиля открывается диалог редактирования данных автомобиля"
                },
                {
                    "ancestorTitles": [
                        "Гараж",
                        "Диалог с данными об автомобиле"
                    ],
                    "duration": 572,
                    "failureDetails": [],
                    "failureMessages": [],
                    "fullName": "Гараж Диалог с данными об автомобиле экран содержит ссылку \"Узнайте больше о своей машине на сайте Авто.ру\", которая ведет на /garage/<id-машины>",
                    "invocations": 1,
                    "location": null,
                    "numPassingAsserts": 1,
                    "retryReasons": [],
                    "status": "passed",
                    "title": "экран содержит ссылку \"Узнайте больше о своей машине на сайте Авто.ру\", которая ведет на /garage/<id-машины>"
                },
                {
                    "ancestorTitles": [
                        "Гараж",
                        "Диалог с данными об автомобиле"
                    ],
                    "duration": 575,
                    "failureDetails": [],
                    "failureMessages": [],
                    "fullName": "Гараж Диалог с данными об автомобиле экран содержит ссылку \"Проверить штрафы\", которая ведет на /pay/fines",
                    "invocations": 1,
                    "location": null,
                    "numPassingAsserts": 1,
                    "retryReasons": [],
                    "status": "passed",
                    "title": "экран содержит ссылку \"Проверить штрафы\", которая ведет на /pay/fines"
                },
                {
                    "ancestorTitles": [
                        "Гараж",
                        "Диалог с данными об автомобиле"
                    ],
                    "duration": 906,
                    "failureDetails": [],
                    "failureMessages": [],
                    "fullName": "Гараж Диалог с данными об автомобиле при нажатии на кнопку \"Удалить автомобиль\" появляется диалог с подтверждением",
                    "invocations": 1,
                    "location": null,
                    "numPassingAsserts": 1,
                    "retryReasons": [],
                    "status": "passed",
                    "title": "при нажатии на кнопку \"Удалить автомобиль\" появляется диалог с подтверждением"
                },
                {
                    "ancestorTitles": [
                        "Гараж",
                        "Диалог с подтверждением удаления"
                    ],
                    "duration": 704,
                    "failureDetails": [],
                    "failureMessages": [],
                    "fullName": "Гараж Диалог с подтверждением удаления экран содержит заголовок блока \"Точно удалить <Название автомобиля>\" и описание",
                    "invocations": 1,
                    "location": null,
                    "numPassingAsserts": 2,
                    "retryReasons": [],
                    "status": "passed",
                    "title": "экран содержит заголовок блока \"Точно удалить <Название автомобиля>\" и описание"
                },
                {
                    "ancestorTitles": [
                        "Гараж",
                        "Диалог с подтверждением удаления"
                    ],
                    "duration": 1343,
                    "failureDetails": [],
                    "failureMessages": [],
                    "fullName": "Гараж Диалог с подтверждением удаления при нажатии на кнопку \"Удалить\" диалог закрывается, после чего на странице, в списке автомобилей исчезает удаленная машина",
                    "invocations": 1,
                    "location": null,
                    "numPassingAsserts": 1,
                    "retryReasons": [],
                    "status": "passed",
                    "title": "при нажатии на кнопку \"Удалить\" диалог закрывается, после чего на странице, в списке автомобилей исчезает удаленная машина"
                },
                {
                    "ancestorTitles": [
                        "Гараж",
                        "Диалог с подтверждением удаления"
                    ],
                    "duration": 1363,
                    "failureDetails": [],
                    "failureMessages": [],
                    "fullName": "Гараж Диалог с подтверждением удаления при нажатии на кнопку \"Удалить\" появляется уведомление с текстом \"Автомобиль удален\"",
                    "invocations": 1,
                    "location": null,
                    "numPassingAsserts": 1,
                    "retryReasons": [],
                    "status": "passed",
                    "title": "при нажатии на кнопку \"Удалить\" появляется уведомление с текстом \"Автомобиль удален\""
                },
                {
                    "ancestorTitles": [
                        "Гараж",
                        "Диалог с подтверждением удаления"
                    ],
                    "duration": 1180,
                    "failureDetails": [],
                    "failureMessages": [],
                    "fullName": "Гараж Диалог с подтверждением удаления при нажатии на кнопку \"Оставить всё как есть\" диалог закрывается, после чего на странице, в списке автомобилей машина не исчезает",
                    "invocations": 1,
                    "location": null,
                    "numPassingAsserts": 1,
                    "retryReasons": [],
                    "status": "passed",
                    "title": "при нажатии на кнопку \"Оставить всё как есть\" диалог закрывается, после чего на странице, в списке автомобилей машина не исчезает"
                }
            ],
            "endTime": 1692971191472,
            "message": "",
            "name": "/Users/dima117a/arc/arcadia/passport/frontend/id/services/id/src/client/tests/components/personal--garage/car-view-dialog.test.tsx",
            "startTime": 1692971103297,
            "status": "passed",
            "summary": ""
        },
        {
            "assertionResults": [
                {
                    "ancestorTitles": [
                        "Страница Управление данными",
                        "all-archives-modal",
                        "Карточка всех архивов"
                    ],
                    "duration": 898,
                    "failureDetails": [],
                    "failureMessages": [],
                    "fullName": "Страница Управление данными all-archives-modal Карточка всех архивов у списка архивов есть заголовок, дисклеймер про время подготовки, ссылка на архиватор",
                    "invocations": 1,
                    "location": null,
                    "numPassingAsserts": 4,
                    "retryReasons": [],
                    "status": "passed",
                    "title": "у списка архивов есть заголовок, дисклеймер про время подготовки, ссылка на архиватор"
                },
                {
                    "ancestorTitles": [
                        "Страница Управление данными",
                        "all-archives-modal",
                        "Карточка всех архивов"
                    ],
                    "duration": 755,
                    "failureDetails": [],
                    "failureMessages": [],
                    "fullName": "Страница Управление данными all-archives-modal Карточка всех архивов на карточке сервиса есть название сервиса и дата, до которой архив доступен",
                    "invocations": 1,
                    "location": null,
                    "numPassingAsserts": 2,
                    "retryReasons": [],
                    "status": "passed",
                    "title": "на карточке сервиса есть название сервиса и дата, до которой архив доступен"
                },
                {
                    "ancestorTitles": [
                        "Страница Управление данными",
                        "all-archives-modal",
                        "Пароль к архиву"
                    ],
                    "duration": 1033,
                    "failureDetails": [],
                    "failureMessages": [],
                    "fullName": "Страница Управление данными all-archives-modal Пароль к архиву у готового архива есть кнопка Показать пароль",
                    "invocations": 1,
                    "location": null,
                    "numPassingAsserts": 2,
                    "retryReasons": [],
                    "status": "passed",
                    "title": "у готового архива есть кнопка Показать пароль"
                },
                {
                    "ancestorTitles": [
                        "Страница Управление данными",
                        "all-archives-modal",
                        "Пароль к архиву"
                    ],
                    "duration": 1307,
                    "failureDetails": [],
                    "failureMessages": [],
                    "fullName": "Страница Управление данными all-archives-modal Пароль к архиву после тапа на Показать пароль отображается пароль к архиву",
                    "invocations": 1,
                    "location": null,
                    "numPassingAsserts": 1,
                    "retryReasons": [],
                    "status": "passed",
                    "title": "после тапа на Показать пароль отображается пароль к архиву"
                },
                {
                    "ancestorTitles": [
                        "Страница Управление данными",
                        "all-archives-modal",
                        "Пароль к архиву"
                    ],
                    "duration": 1139,
                    "failureDetails": [],
                    "failureMessages": [],
                    "fullName": "Страница Управление данными all-archives-modal Пароль к архиву по нажатию на показ пароля отправляется событие в метрику archive-password-requested",
                    "invocations": 1,
                    "location": null,
                    "numPassingAsserts": 1,
                    "retryReasons": [],
                    "status": "passed",
                    "title": "по нажатию на показ пароля отправляется событие в метрику archive-password-requested"
                },
                {
                    "ancestorTitles": [
                        "Страница Управление данными",
                        "all-archives-modal",
                        "Пароль к архиву"
                    ],
                    "duration": 1252,
                    "failureDetails": [],
                    "failureMessages": [],
                    "fullName": "Страница Управление данными all-archives-modal Пароль к архиву по тапу на строку с паролем он копируется в буфер обмена",
                    "invocations": 1,
                    "location": null,
                    "numPassingAsserts": 2,
                    "retryReasons": [],
                    "status": "passed",
                    "title": "по тапу на строку с паролем он копируется в буфер обмена"
                },
                {
                    "ancestorTitles": [
                        "Страница Управление данными",
                        "all-archives-modal",
                        "Пароль к архиву"
                    ],
                    "duration": 1244,
                    "failureDetails": [],
                    "failureMessages": [],
                    "fullName": "Страница Управление данными all-archives-modal Пароль к архиву по нажатию на копирование пароля отправляется событие в метрику ArchivePasswordCopied",
                    "invocations": 1,
                    "location": null,
                    "numPassingAsserts": 1,
                    "retryReasons": [],
                    "status": "passed",
                    "title": "по нажатию на копирование пароля отправляется событие в метрику ArchivePasswordCopied"
                },
                {
                    "ancestorTitles": [
                        "Страница Управление данными",
                        "Скачать архив"
                    ],
                    "duration": 1060,
                    "failureDetails": [],
                    "failureMessages": [],
                    "fullName": "Страница Управление данными Скачать архив у готового архива есть кнопка скачивания архива",
                    "invocations": 1,
                    "location": null,
                    "numPassingAsserts": 2,
                    "retryReasons": [],
                    "status": "passed",
                    "title": "у готового архива есть кнопка скачивания архива"
                },
                {
                    "ancestorTitles": [
                        "Страница Управление данными",
                        "Скачать архив"
                    ],
                    "duration": 1029,
                    "failureDetails": [],
                    "failureMessages": [],
                    "fullName": "Страница Управление данными Скачать архив по нажатию на кнопку скачивается архив",
                    "invocations": 1,
                    "location": null,
                    "numPassingAsserts": 2,
                    "retryReasons": [],
                    "status": "passed",
                    "title": "по нажатию на кнопку скачивается архив"
                },
                {
                    "ancestorTitles": [
                        "Страница Управление данными",
                        "Заказать новый"
                    ],
                    "duration": 771,
                    "failureDetails": [],
                    "failureMessages": [],
                    "fullName": "Страница Управление данными Заказать новый у готового архива есть кнопка заказа нового архива",
                    "invocations": 1,
                    "location": null,
                    "numPassingAsserts": 2,
                    "retryReasons": [],
                    "status": "passed",
                    "title": "у готового архива есть кнопка заказа нового архива"
                },
                {
                    "ancestorTitles": [
                        "Страница Управление данными",
                        "Заказать новый"
                    ],
                    "duration": 1276,
                    "failureDetails": [],
                    "failureMessages": [],
                    "fullName": "Страница Управление данными Заказать новый по нажатию на кнопку открывается попап с информацией о заказе нового архива",
                    "invocations": 1,
                    "location": null,
                    "numPassingAsserts": 1,
                    "retryReasons": [],
                    "status": "passed",
                    "title": "по нажатию на кнопку открывается попап с информацией о заказе нового архива"
                }
            ],
            "endTime": 1692971193583,
            "message": "",
            "name": "/Users/dima117a/arc/arcadia/passport/frontend/id/services/id/src/client/tests/components/personal--data/all-archives-modal.test.tsx",
            "startTime": 1692971103297,
            "status": "passed",
            "summary": ""
        },
        {
            "assertionResults": [
                {
                    "ancestorTitles": [
                        "Карты оплаты",
                        "Проверка блока с картами"
                    ],
                    "duration": 1429,
                    "failureDetails": [],
                    "failureMessages": [],
                    "fullName": "Карты оплаты Проверка блока с картами По клику на карту должна появиться модалка настроек карточки",
                    "invocations": 1,
                    "location": null,
                    "numPassingAsserts": 2,
                    "retryReasons": [],
                    "status": "passed",
                    "title": "По клику на карту должна появиться модалка настроек карточки"
                },
                {
                    "ancestorTitles": [
                        "Карты оплаты",
                        "Проверка блока с картами"
                    ],
                    "duration": 311,
                    "failureDetails": [],
                    "failureMessages": [],
                    "fullName": "Карты оплаты Проверка блока с картами У раздела должен быть якорь",
                    "invocations": 1,
                    "location": null,
                    "numPassingAsserts": 1,
                    "retryReasons": [],
                    "status": "passed",
                    "title": "У раздела должен быть якорь"
                },
                {
                    "ancestorTitles": [
                        "Карты оплаты",
                        "Проверка блока с картами"
                    ],
                    "duration": 228,
                    "failureDetails": [],
                    "failureMessages": [],
                    "fullName": "Карты оплаты Проверка блока с картами Якорь должен быть с правильной ссылкой",
                    "invocations": 1,
                    "location": null,
                    "numPassingAsserts": 1,
                    "retryReasons": [],
                    "status": "passed",
                    "title": "Якорь должен быть с правильной ссылкой"
                }
            ],
            "endTime": 1692971195927,
            "message": "",
            "name": "/Users/dima117a/arc/arcadia/passport/frontend/id/services/id/src/client/widgets/BankCards/__tests__/BankCards.test.tsx",
            "startTime": 1692971176752,
            "status": "passed",
            "summary": ""
        },
        {
            "assertionResults": [
                {
                    "ancestorTitles": [
                        "Тумба документа",
                        "Проверка отображения тумбы документов"
                    ],
                    "duration": 1141,
                    "failureDetails": [],
                    "failureMessages": [],
                    "fullName": "Тумба документа Проверка отображения тумбы документов На тумбе указан ее тип",
                    "invocations": 1,
                    "location": null,
                    "numPassingAsserts": 1,
                    "retryReasons": [],
                    "status": "passed",
                    "title": "На тумбе указан ее тип"
                },
                {
                    "ancestorTitles": [
                        "Тумба документа",
                        "Проверка отображения тумбы документов"
                    ],
                    "duration": 565,
                    "failureDetails": [],
                    "failureMessages": [],
                    "fullName": "Тумба документа Проверка отображения тумбы документов Если пришли данные ФИО, то они корректно отображаются в тумбе",
                    "invocations": 1,
                    "location": null,
                    "numPassingAsserts": 1,
                    "retryReasons": [],
                    "status": "passed",
                    "title": "Если пришли данные ФИО, то они корректно отображаются в тумбе"
                },
                {
                    "ancestorTitles": [
                        "Тумба документа",
                        "Проверка отображения тумбы документов"
                    ],
                    "duration": 605,
                    "failureDetails": [],
                    "failureMessages": [],
                    "fullName": "Тумба документа Проверка отображения тумбы документов Если данных ФИО нет, то показываем номер документа",
                    "invocations": 1,
                    "location": null,
                    "numPassingAsserts": 1,
                    "retryReasons": [],
                    "status": "passed",
                    "title": "Если данных ФИО нет, то показываем номер документа"
                },
                {
                    "ancestorTitles": [
                        "Тумба документа",
                        "Проверка отображения тумбы документов"
                    ],
                    "duration": 399,
                    "failureDetails": [],
                    "failureMessages": [],
                    "fullName": "Тумба документа Проверка отображения тумбы документов Если данных ФИО и номера документа нет, то отображаем их отсутствие",
                    "invocations": 1,
                    "location": null,
                    "numPassingAsserts": 1,
                    "retryReasons": [],
                    "status": "passed",
                    "title": "Если данных ФИО и номера документа нет, то отображаем их отсутствие"
                },
                {
                    "ancestorTitles": [
                        "Тумба документа",
                        "Проверка отображения тумбы документов"
                    ],
                    "duration": null,
                    "failureDetails": [],
                    "failureMessages": [],
                    "fullName": "Тумба документа Проверка отображения тумбы документов Если кликнуть на тумбу, то откроется карточка данного документа",
                    "invocations": 1,
                    "location": null,
                    "numPassingAsserts": 0,
                    "retryReasons": [],
                    "status": "pending",
                    "title": "Если кликнуть на тумбу, то откроется карточка данного документа"
                }
            ],
            "endTime": 1692971197054,
            "message": "",
            "name": "/Users/dima117a/arc/arcadia/passport/frontend/id/services/id/src/client/features/document-editor/document-thumb/__tests__/document-thumb.test.tsx",
            "startTime": 1692971172307,
            "status": "focused",
            "summary": ""
        },
        {
            "assertionResults": [
                {
                    "ancestorTitles": [
                        "Страница Управление данными",
                        "page",
                        "Заголовок"
                    ],
                    "duration": 1520,
                    "failureDetails": [],
                    "failureMessages": [],
                    "fullName": "Страница Управление данными page Заголовок по кнопке Вопросы и ответы открывается попап с FAQ",
                    "invocations": 1,
                    "location": null,
                    "numPassingAsserts": 1,
                    "retryReasons": [],
                    "status": "passed",
                    "title": "по кнопке Вопросы и ответы открывается попап с FAQ"
                },
                {
                    "ancestorTitles": [
                        "Страница Управление данными",
                        "page",
                        "Архивы с данными"
                    ],
                    "duration": 258,
                    "failureDetails": [],
                    "failureMessages": [],
                    "fullName": "Страница Управление данными page Архивы с данными при отсутствии архивов есть сообщение, что нет архивов",
                    "invocations": 1,
                    "location": null,
                    "numPassingAsserts": 1,
                    "retryReasons": [],
                    "status": "passed",
                    "title": "при отсутствии архивов есть сообщение, что нет архивов"
                },
                {
                    "ancestorTitles": [
                        "Страница Управление данными",
                        "page",
                        "Архивы с данными"
                    ],
                    "duration": 831,
                    "failureDetails": [],
                    "failureMessages": [],
                    "fullName": "Страница Управление данными page Архивы с данными на кнопке текст отображает количество готовых и готовящихся архивов",
[...]
                },
                {
                    "ancestorTitles": [
                        "Navigation",
                        "Шорткаты на главной странице"
                    ],
                    "duration": 35,
                    "failureDetails": [],
                    "failureMessages": [],
                    "fullName": "Navigation Шорткаты на главной странице Верная ссылка в саппорт со страницы Документов",
                    "invocations": 1,
                    "location": null,
                    "numPassingAsserts": 1,
                    "retryReasons": [],
                    "status": "passed",
                    "title": "Верная ссылка в саппорт со страницы Документов"
                },
                {
                    "ancestorTitles": [
                        "Navigation",
                        "Шорткаты на главной странице"
                    ],
                    "duration": 23,
                    "failureDetails": [],
                    "failureMessages": [],
                    "fullName": "Navigation Шорткаты на главной странице Верная ссылка в саппорт со страницы Персональных данных",
                    "invocations": 1,
                    "location": null,
                    "numPassingAsserts": 1,
                    "retryReasons": [],
                    "status": "passed",
                    "title": "Верная ссылка в саппорт со страницы Персональных данных"
                },
                {
                    "ancestorTitles": [
                        "Navigation",
                        "Шорткаты на главной странице"
                    ],
                    "duration": 19,
                    "failureDetails": [],
                    "failureMessages": [],
                    "fullName": "Navigation Шорткаты на главной странице Верная ссылка в саппорт со страницы Пэя",
                    "invocations": 1,
                    "location": null,
                    "numPassingAsserts": 1,
                    "retryReasons": [],
                    "status": "passed",
                    "title": "Верная ссылка в саппорт со страницы Пэя"
                },
                {
                    "ancestorTitles": [
                        "Navigation",
                        "Шорткаты на главной странице"
                    ],
                    "duration": 20,
                    "failureDetails": [],
                    "failureMessages": [],
                    "fullName": "Navigation Шорткаты на главной странице Верная ссылка в саппорт со страницы Семьи",
                    "invocations": 1,
                    "location": null,
                    "numPassingAsserts": 1,
                    "retryReasons": [],
                    "status": "passed",
                    "title": "Верная ссылка в саппорт со страницы Семьи"
                },
                {
                    "ancestorTitles": [
                        "Navigation",
                        "Шорткаты на главной странице"
                    ],
                    "duration": 17,
                    "failureDetails": [],
                    "failureMessages": [],
                    "fullName": "Navigation Шорткаты на главной странице Верная ссылка в саппорт со страницы Паролей приложений",
                    "invocations": 1,
                    "location": null,
                    "numPassingAsserts": 1,
                    "retryReasons": [],
                    "status": "passed",
                    "title": "Верная ссылка в саппорт со страницы Паролей приложений"
                },
                {
                    "ancestorTitles": [
                        "Navigation",
                        "Шорткаты на главной странице"
                    ],
                    "duration": 21,
                    "failureDetails": [],
                    "failureMessages": [],
                    "fullName": "Navigation Шорткаты на главной странице Верная ссылка в саппорт со страницы Безопасности",
                    "invocations": 1,
                    "location": null,
                    "numPassingAsserts": 1,
                    "retryReasons": [],
                    "status": "passed",
                    "title": "Верная ссылка в саппорт со страницы Безопасности"
                },
                {
                    "ancestorTitles": [
                        "Navigation",
                        "Шорткаты на главной странице"
                    ],
                    "duration": 19,
                    "failureDetails": [],
                    "failureMessages": [],
                    "fullName": "Navigation Шорткаты на главной странице Верная ссылка в саппорт с главной страницы",
                    "invocations": 1,
                    "location": null,
                    "numPassingAsserts": 1,
                    "retryReasons": [],
                    "status": "passed",
                    "title": "Верная ссылка в саппорт с главной страницы"
                }
            ],
            "endTime": 1692971215720,
            "message": "",
            "name": "/Users/dima117a/arc/arcadia/passport/frontend/id/services/id/src/client/widgets/Navigation/__tests__/Navigation.test.tsx",
            "startTime": 1692971203226,
            "status": "passed",
            "summary": ""
        },
        {
            "assertionResults": [
                {
                    "ancestorTitles": [
                        "Будущие платежи",
                        "Проверка отображения элементов"
                    ],
                    "duration": 53,
                    "failureDetails": [],
                    "failureMessages": [],
                    "fullName": "Будущие платежи Проверка отображения элементов Проверяем рендер загрузки виджета",
                    "invocations": 1,
                    "location": null,
                    "numPassingAsserts": 1,
                    "retryReasons": [],
                    "status": "passed",
                    "title": "Проверяем рендер загрузки виджета"
                },
                {
                    "ancestorTitles": [
                        "Будущие платежи",
                        "Проверка отображения элементов"
                    ],
                    "duration": 59,
                    "failureDetails": [],
                    "failureMessages": [],
                    "fullName": "Будущие платежи Проверка отображения элементов Проверяем отображение Сплита",
                    "invocations": 1,
                    "location": null,
                    "numPassingAsserts": 4,
                    "retryReasons": [],
                    "status": "passed",
                    "title": "Проверяем отображение Сплита"
                }
            ],
            "endTime": 1692971215955,
            "message": "",
            "name": "/Users/dima117a/arc/arcadia/passport/frontend/id/services/id/src/client/widgets/FuturePayments/__tests__/FuturePayments.test.tsx",
            "startTime": 1692971204732,
            "status": "passed",
            "summary": ""
        },
        {
            "assertionResults": [
                {
                    "ancestorTitles": [
                        "Будущие платежи",
                        "Проверка строк оплаты"
                    ],
                    "duration": 40,
                    "failureDetails": [],
                    "failureMessages": [],
                    "fullName": "Будущие платежи Проверка строк оплаты Проверяем сроки оплаты – просроченый платёж",
                    "invocations": 1,
                    "location": null,
                    "numPassingAsserts": 7,
                    "retryReasons": [],
                    "status": "passed",
                    "title": "Проверяем сроки оплаты – просроченый платёж"
                },
                {
                    "ancestorTitles": [
                        "Будущие платежи",
                        "Проверка строк оплаты"
                    ],
                    "duration": 10,
                    "failureDetails": [],
                    "failureMessages": [],
                    "fullName": "Будущие платежи Проверка строк оплаты Проверяем сроки оплаты – сегодня",
                    "invocations": 1,
                    "location": null,
                    "numPassingAsserts": 7,
                    "retryReasons": [],
                    "status": "passed",
                    "title": "Проверяем сроки оплаты – сегодня"
                },
                {
                    "ancestorTitles": [
                        "Будущие платежи",
                        "Проверка строк оплаты"
                    ],
                    "duration": 9,
                    "failureDetails": [],
                    "failureMessages": [],
                    "fullName": "Будущие платежи Проверка строк оплаты Проверяем сроки оплаты – завтра",
                    "invocations": 1,
                    "location": null,
                    "numPassingAsserts": 7,
                    "retryReasons": [],
                    "status": "passed",
                    "title": "Проверяем сроки оплаты – завтра"
                },
                {
                    "ancestorTitles": [
                        "Будущие платежи",
                        "Проверка строк оплаты"
                    ],
                    "duration": 7,
                    "failureDetails": [],
                    "failureMessages": [],
                    "fullName": "Будущие платежи Проверка строк оплаты Проверяем сроки оплаты – через 3 дня",
                    "invocations": 1,
                    "location": null,
                    "numPassingAsserts": 7,
                    "retryReasons": [],
                    "status": "passed",
                    "title": "Проверяем сроки оплаты – через 3 дня"
                }
            ],
            "endTime": 1692971216831,
            "message": "",
            "name": "/Users/dima117a/arc/arcadia/passport/frontend/id/services/id/src/client/widgets/FuturePayments/ui/FututrePaymentItem/__tests__/FuturePaymentItem.test.tsx",
            "startTime": 1692971206874,
            "status": "passed",
            "summary": ""
        },
        {
            "assertionResults": [
                {
                    "ancestorTitles": [
                        "Ссылки",
                        "Проверка ссылок"
                    ],
                    "duration": 3,
                    "failureDetails": [],
                    "failureMessages": [],
                    "fullName": "Ссылки Проверка ссылок должен возвращать true для совпадающих относительных ссылок",
                    "invocations": 1,
                    "location": null,
                    "numPassingAsserts": 1,
                    "retryReasons": [],
                    "status": "passed",
                    "title": "должен возвращать true для совпадающих относительных ссылок"
                },
                {
                    "ancestorTitles": [
                        "Ссылки",
                        "Проверка ссылок"
                    ],
                    "duration": 1,
                    "failureDetails": [],
                    "failureMessages": [],
                    "fullName": "Ссылки Проверка ссылок должен возвращать false для несовпадающих относительных ссылок",
                    "invocations": 1,
                    "location": null,
                    "numPassingAsserts": 1,
                    "retryReasons": [],
                    "status": "passed",
                    "title": "должен возвращать false для несовпадающих относительных ссылок"
                },
                {
                    "ancestorTitles": [
                        "Ссылки",
                        "Проверка ссылок"
                    ],
                    "duration": 2,
                    "failureDetails": [],
                    "failureMessages": [],
                    "fullName": "Ссылки Проверка ссылок должен возвращать true для совпадающих абсолютных ссылок",
                    "invocations": 1,
                    "location": null,
                    "numPassingAsserts": 1,
                    "retryReasons": [],
                    "status": "passed",
                    "title": "должен возвращать true для совпадающих абсолютных ссылок"
                },
                {
                    "ancestorTitles": [
                        "Ссылки",
                        "Проверка ссылок"
                    ],
                    "duration": 1,
                    "failureDetails": [],
                    "failureMessages": [],
                    "fullName": "Ссылки Проверка ссылок должен возвращать false для несовпадающих абсолютных ссылок",
                    "invocations": 1,
                    "location": null,
                    "numPassingAsserts": 1,
                    "retryReasons": [],
                    "status": "passed",
                    "title": "должен возвращать false для несовпадающих абсолютных ссылок"
                },
                {
                    "ancestorTitles": [
                        "Ссылки",
                        "Проверка ссылок"
                    ],
                    "duration": 1,
                    "failureDetails": [],
                    "failureMessages": [],
                    "fullName": "Ссылки Проверка ссылок должен возвращать true для совпадающих ссылок разных форматов",
                    "invocations": 1,
                    "location": null,
                    "numPassingAsserts": 1,
                    "retryReasons": [],
                    "status": "passed",
                    "title": "должен возвращать true для совпадающих ссылок разных форматов"
                },
                {
                    "ancestorTitles": [
                        "Ссылки",
                        "Проверка ссылок"
                    ],
                    "duration": 1,
                    "failureDetails": [],
                    "failureMessages": [],
                    "fullName": "Ссылки Проверка ссылок должен возвращать false для несовпадающих ссылок разных форматов",
                    "invocations": 1,
                    "location": null,
                    "numPassingAsserts": 1,
                    "retryReasons": [],
                    "status": "passed",
                    "title": "должен возвращать false для несовпадающих ссылок разных форматов"
                },
                {
                    "ancestorTitles": [
                        "Ссылки",
                        "Проверка ссылок"
                    ],
                    "duration": 0,
                    "failureDetails": [],
                    "failureMessages": [],
                    "fullName": "Ссылки Проверка ссылок должен возвращать true, если location начинается с подстроки link",
                    "invocations": 1,
                    "location": null,
                    "numPassingAsserts": 1,
                    "retryReasons": [],
                    "status": "passed",
                    "title": "должен возвращать true, если location начинается с подстроки link"
                },
                {
                    "ancestorTitles": [
                        "Ссылки",
                        "Проверка ссылок"
                    ],
                    "duration": 1,
                    "failureDetails": [],
                    "failureMessages": [],
                    "fullName": "Ссылки Проверка ссылок должен возвращать false, если подстрока link содержится не в начале location",
                    "invocations": 1,
                    "location": null,
                    "numPassingAsserts": 1,
                    "retryReasons": [],
                    "status": "passed",
                    "title": "должен возвращать false, если подстрока link содержится не в начале location"
                },
                {
                    "ancestorTitles": [
                        "Ссылки",
                        "Проверка ссылок"
                    ],
                    "duration": 1,
                    "failureDetails": [],
                    "failureMessages": [],
                    "fullName": "Ссылки Проверка ссылок должен возвращать false, если подстрока link не содержится в location целиком",
                    "invocations": 1,
                    "location": null,
                    "numPassingAsserts": 1,
                    "retryReasons": [],
                    "status": "passed",
                    "title": "должен возвращать false, если подстрока link не содержится в location целиком"
                },
                {
                    "ancestorTitles": [
                        "Ссылки",
                        "Проверка ссылок"
                    ],
                    "duration": 2,
                    "failureDetails": [],
                    "failureMessages": [],
                    "fullName": "Ссылки Проверка ссылок должен возвращать false для разных доменов",
                    "invocations": 1,
                    "location": null,
                    "numPassingAsserts": 2,
                    "retryReasons": [],
                    "status": "passed",
                    "title": "должен возвращать false для разных доменов"
                },
                {
                    "ancestorTitles": [
                        "Ссылки",
                        "Проверка ссылок"
                    ],
                    "duration": 1,
                    "failureDetails": [],
                    "failureMessages": [],
                    "fullName": "Ссылки Проверка ссылок должен возвращать true для пустых location и link",
                    "invocations": 1,
                    "location": null,
                    "numPassingAsserts": 1,
                    "retryReasons": [],
                    "status": "passed",
                    "title": "должен возвращать true для пустых location и link"
                },
                {
                    "ancestorTitles": [
                        "Ссылки",
                        "Проверка ссылок"
                    ],
                    "duration": 1,
                    "failureDetails": [],
                    "failureMessages": [],
                    "fullName": "Ссылки Проверка ссылок должен возвращать false для пустого link и не пустого location",
                    "invocations": 1,
                    "location": null,
                    "numPassingAsserts": 1,
                    "retryReasons": [],
                    "status": "passed",
                    "title": "должен возвращать false для пустого link и не пустого location"
                },
                {
                    "ancestorTitles": [
                        "Ссылки",
                        "Проверка ссылок"
                    ],
                    "duration": 2,
                    "failureDetails": [],
                    "failureMessages": [],
                    "fullName": "Ссылки Проверка ссылок должен игнорировать отсутствие или наличие необязательных слешей",
                    "invocations": 1,
                    "location": null,
                    "numPassingAsserts": 5,
                    "retryReasons": [],
                    "status": "passed",
                    "title": "должен игнорировать отсутствие или наличие необязательных слешей"
                }
            ],
            "endTime": 1692971217614,
            "message": "",
            "name": "/Users/dima117a/arc/arcadia/passport/frontend/id/services/id/src/client/widgets/Navigation/libs/active-link/__tests__/is-link-active.test.ts",
            "startTime": 1692971209287,
            "status": "passed",
            "summary": ""
        }
    ],
    "wasInterrupted": false
}
